[02-09-2024 11:27:17] ERROR : ORA-00936: missing expression
  QUERY : 
   SELECT H.POAH_PO_DATE AS F_PO_DATE
    ,H.POAH_FETL_PO AS F_PONO
    ,H.POAH_DELIVERY_REQUEST_DATE AS F_DUE_DATE
    ,D.POAD_ORDER_QUANTITY AS F_QTY
    ,S.POZST_DESC AS F_STATUS
  FROM PR.POZ_OEMPO_HEADER H INNER JOIN PR.POZ_OEMPO_DETAIL D ON D.POAD_CONTROL_ID =H.POAH_CONTROL_ID
                INNER JOIN PR.POZ_STATUS S ON S.POZST_CODE=H.POAH_EDI_STATUS
  WHERE H.POAH_EDI_STATUS = ALL OR ALL = 'ALL'
        AND (TRIM(UPPER(H.POAH_OEM_PO)) = TRIM(UPPER(null)) OR TRIM(null) IS NULL)
        AND (TO_CHAR(H.POAH_PO_DATE,'YYYYMMDD') >= null OR null IS NULL)
        AND (TO_CHAR(H.POAH_PO_DATE,'YYYYMMDD') <= null OR null IS NULL)
  ORDER BY H.POAH_PO_DATE
  
 -------------------------------------------------------------- 
[02-09-2024 11:28:00] ERROR : ORA-00908: missing NULL keyword
  QUERY : 
   SELECT H.POAH_PO_DATE AS F_PO_DATE
    ,H.POAH_FETL_PO AS F_PONO
    ,H.POAH_DELIVERY_REQUEST_DATE AS F_DUE_DATE
    ,D.POAD_ORDER_QUANTITY AS F_QTY
    ,S.POZST_DESC AS F_STATUS
  FROM PR.POZ_OEMPO_HEADER H INNER JOIN PR.POZ_OEMPO_DETAIL D ON D.POAD_CONTROL_ID =H.POAH_CONTROL_ID
                INNER JOIN PR.POZ_STATUS S ON S.POZST_CODE=H.POAH_EDI_STATUS
  WHERE H.POAH_EDI_STATUS = 'ALL' OR 'ALL' = 'ALL'
        AND (TRIM(UPPER(H.POAH_OEM_PO)) = TRIM(UPPER('null')) OR TRIM('null') IS 'NULL')
        AND (TO_CHAR(H.POAH_PO_DATE,'YYYYMMDD') >= 'null' OR 'null' IS 'NULL')
        AND (TO_CHAR(H.POAH_PO_DATE,'YYYYMMDD') <= 'null' OR 'null' IS 'NULL')
  ORDER BY H.POAH_PO_DATE
  
 -------------------------------------------------------------- 
[02-09-2024 11:28:44] ERROR : ORA-00908: missing NULL keyword
  QUERY : 
   SELECT H.POAH_PO_DATE AS F_PO_DATE
    ,H.POAH_FETL_PO AS F_PONO
    ,H.POAH_DELIVERY_REQUEST_DATE AS F_DUE_DATE
    ,D.POAD_ORDER_QUANTITY AS F_QTY
    ,S.POZST_DESC AS F_STATUS
  FROM PR.POZ_OEMPO_HEADER H INNER JOIN PR.POZ_OEMPO_DETAIL D ON D.POAD_CONTROL_ID =H.POAH_CONTROL_ID
                INNER JOIN PR.POZ_STATUS S ON S.POZST_CODE=H.POAH_EDI_STATUS
  WHERE H.POAH_EDI_STATUS = 'ALL' OR 'ALL' = 'ALL'
        AND (TRIM(UPPER(H.POAH_OEM_PO)) = TRIM(UPPER('null')) OR TRIM('null') IS 'NULL')
        AND (TO_CHAR(H.POAH_PO_DATE,'YYYYMMDD') >= 'null' OR 'null' IS 'NULL')
        AND (TO_CHAR(H.POAH_PO_DATE,'YYYYMMDD') <= 'null' OR 'null' IS 'NULL')
  ORDER BY H.POAH_PO_DATE
  
 -------------------------------------------------------------- 
[02-09-2024 11:31:14] ERROR : ORA-00908: missing NULL keyword
  QUERY : 
   SELECT H.POAH_PO_DATE AS F_PO_DATE
    ,H.POAH_FETL_PO AS F_PONO
    ,H.POAH_DELIVERY_REQUEST_DATE AS F_DUE_DATE
    ,D.POAD_ORDER_QUANTITY AS F_QTY
    ,S.POZST_DESC AS F_STATUS
  FROM PR.POZ_OEMPO_HEADER H INNER JOIN PR.POZ_OEMPO_DETAIL D ON D.POAD_CONTROL_ID =H.POAH_CONTROL_ID
                INNER JOIN PR.POZ_STATUS S ON S.POZST_CODE=H.POAH_EDI_STATUS
  WHERE H.POAH_EDI_STATUS = 'ALL' OR 'ALL' = 'ALL'
        AND (TRIM(UPPER(H.POAH_OEM_PO)) = TRIM(UPPER('')) OR TRIM('') IS 'NULL')
        AND (TO_CHAR(H.POAH_PO_DATE,'YYYYMMDD') >= '' OR '' IS 'NULL')
        AND (TO_CHAR(H.POAH_PO_DATE,'YYYYMMDD') <= '' OR '' IS 'NULL')
  ORDER BY H.POAH_PO_DATE
  
 -------------------------------------------------------------- 
