[07-01-2025 11:55:47] ERROR : ORA-24373: invalid length specified for statement
  QUERY :  
 -------------------------------------------------------------- 
[07-01-2025 12:04:20] ERROR : ORA-01745: invalid host/bind variable name
  QUERY : 
        INSERT INTO FPCQ_ANALYSIS_MASTER (
            FAM_CHEMICAL_ID, FAM_BATH_ID, FAM_CHEMICAL_DESC, FAM_CHEMICAL_DESC2,
            FAM_MC_CODE, FAM_SEQ, FAM_STATUS,
            FAM_UNIT, FAM_TARGET, FAM_USL, FAM_LSL, FAM_UCL, FAM_LCL,
            FAM_INPUT,
            FAM_FORMULA, FAM_FORMULA_REFER_ID, FAM_FORMULA_REFER_ID2,
            FAM_REPLENISHER, FAM_REP_REFER_ID1, FAM_REP_REFER_ID2, FAM_UPDATE_DATE
        ) VALUES (
            (SELECT A.F_ID AS CHEMICALID
            FROM (
                SELECT DISTINCT 'C' || TRIM(TO_CHAR(FAM_CHEMICAL_ID, '0000')) AS F_ID
                FROM (
                    SELECT LEVEL + 1 AS FAM_CHEMICAL_ID
                    FROM DUAL
                    CONNECT BY LEVEL <= 4000
                ) NUMBERS
                WHERE FAM_CHEMICAL_ID NOT IN (
                    SELECT SUBSTR(FAM_CHEMICAL_ID, 2, 4)
                    FROM FPCQ_ANALYSIS_MASTER
                )
                ORDER BY 1
            ) A
            WHERE ROWNUM = 1
            ), 
            'Soft etching', 'SE TEST2' , 'SE TEST2',
            'G-21-22', :'999', 'A',
            'g/K', '27', '1', '2', '3', '4',
            '2',
            '((V1 + V2)/2 - REF_V1) * 5.68', 'CU','',
            '', '', '', SYSDATE
        )  
 -------------------------------------------------------------- 
[07-01-2025 12:05:10] ERROR : ORA-12899: value too large for column "FPC"."FPCQ_ANALYSIS_MASTER"."FAM_BATH_ID" (actual: 12, maximum: 10)
  QUERY : 
            INSERT INTO FPCQ_ANALYSIS_MASTER (
                FAM_CHEMICAL_ID, FAM_BATH_ID, FAM_CHEMICAL_DESC, FAM_CHEMICAL_DESC2,
                FAM_MC_CODE, FAM_SEQ, FAM_STATUS,
                FAM_UNIT, FAM_TARGET, FAM_USL, FAM_LSL, FAM_UCL, FAM_LCL,
                FAM_INPUT,
                FAM_FORMULA, FAM_FORMULA_REFER_ID, FAM_FORMULA_REFER_ID2,
                FAM_REPLENISHER, FAM_REP_REFER_ID1, FAM_REP_REFER_ID2, FAM_UPDATE_DATE
            ) VALUES (
                (SELECT A.F_ID AS CHEMICALID
                FROM (
                    SELECT DISTINCT 'C' || TRIM(TO_CHAR(FAM_CHEMICAL_ID, '0000')) AS F_ID
                    FROM (
                        SELECT LEVEL + 1 AS FAM_CHEMICAL_ID
                        FROM DUAL
                        CONNECT BY LEVEL <= 4000
                    ) NUMBERS
                    WHERE FAM_CHEMICAL_ID NOT IN (
                        SELECT SUBSTR(FAM_CHEMICAL_ID, 2, 4)
                        FROM FPCQ_ANALYSIS_MASTER
                    )
                    ORDER BY 1
                ) A
                WHERE ROWNUM = 1
                ), 
                :BATH, :CHEMICAL, :CHEMICAL,
                :Machine, :SEQ, 'A',
                :UNIT, :TARGET, :USL, :LSL, :UCL, :LCL,
                :INPUT,
                :FORMULA, :FORMULA_REFER1, :REPLENISHER_REFER2,
                :REPLENISHER, :REPLENISHER_REFER1, :REPLENISHER_REFER2, SYSDATE
            ) 
 -------------------------------------------------------------- 
[07-01-2025 12:06:07] ERROR : ORA-12899: value too large for column "FPC"."FPCQ_ANALYSIS_MASTER"."FAM_BATH_ID" (actual: 12, maximum: 10)
  QUERY : 
            INSERT INTO FPCQ_ANALYSIS_MASTER (
                FAM_CHEMICAL_ID, FAM_BATH_ID, FAM_CHEMICAL_DESC, FAM_CHEMICAL_DESC2,
                FAM_MC_CODE, FAM_SEQ, FAM_STATUS,
                FAM_UNIT, FAM_TARGET, FAM_USL, FAM_LSL, FAM_UCL, FAM_LCL,
                FAM_INPUT,
                FAM_FORMULA, FAM_FORMULA_REFER_ID, FAM_FORMULA_REFER_ID2,
                FAM_REPLENISHER, FAM_REP_REFER_ID1, FAM_REP_REFER_ID2, FAM_UPDATE_DATE
            ) VALUES (
                (SELECT A.F_ID AS CHEMICALID
                FROM (
                    SELECT DISTINCT 'C' || TRIM(TO_CHAR(FAM_CHEMICAL_ID, '0000')) AS F_ID
                    FROM (
                        SELECT LEVEL + 1 AS FAM_CHEMICAL_ID
                        FROM DUAL
                        CONNECT BY LEVEL <= 4000
                    ) NUMBERS
                    WHERE FAM_CHEMICAL_ID NOT IN (
                        SELECT SUBSTR(FAM_CHEMICAL_ID, 2, 4)
                        FROM FPCQ_ANALYSIS_MASTER
                    )
                    ORDER BY 1
                ) A
                WHERE ROWNUM = 1
                ), 
                :BATH, :CHEMICAL, :CHEMICAL,
                :Machine, :SEQ, 'A',
                :UNIT, :TARGET, :USL, :LSL, :UCL, :LCL,
                :INPUT,
                :FORMULA, :FORMULA_REFER1, :REPLENISHER_REFER2,
                :REPLENISHER, :REPLENISHER_REFER1, :REPLENISHER_REFER2, SYSDATE
            ) 
 -------------------------------------------------------------- 
[07-01-2025 13:29:59] ERROR : ORA-12899: value too large for column "FPC"."FPCQ_ANALYSIS_MASTER"."FAM_BATH_ID" (actual: 12, maximum: 10)
  QUERY : 
            INSERT INTO FPCQ_ANALYSIS_MASTER (
                FAM_CHEMICAL_ID, FAM_BATH_ID, FAM_CHEMICAL_DESC, FAM_CHEMICAL_DESC2,
                FAM_MC_CODE, FAM_SEQ, FAM_STATUS,
                FAM_UNIT, FAM_TARGET, FAM_USL, FAM_LSL, FAM_UCL, FAM_LCL,
                FAM_INPUT,
                FAM_FORMULA, FAM_FORMULA_REFER_ID, FAM_FORMULA_REFER_ID2,
                FAM_REPLENISHER, FAM_REP_REFER_ID1, FAM_REP_REFER_ID2, FAM_UPDATE_DATE
            ) VALUES (
                (SELECT A.F_ID AS CHEMICALID
                FROM (
                    SELECT DISTINCT 'C' || TRIM(TO_CHAR(FAM_CHEMICAL_ID, '0000')) AS F_ID
                    FROM (
                        SELECT LEVEL + 1 AS FAM_CHEMICAL_ID
                        FROM DUAL
                        CONNECT BY LEVEL <= 4000
                    ) NUMBERS
                    WHERE FAM_CHEMICAL_ID NOT IN (
                        SELECT SUBSTR(FAM_CHEMICAL_ID, 2, 4)
                        FROM FPCQ_ANALYSIS_MASTER
                    )
                    ORDER BY 1
                ) A
                WHERE ROWNUM = 1
                ), 
                :BATH, :CHEMICAL, :CHEMICAL,
                :Machine, :SEQ, 'A',
                :UNIT, :TARGET, :USL, :LSL, :UCL, :LCL,
                :INPUT,
                :FORMULA, :FORMULA_REFER1, :REPLENISHER_REFER2,
                :REPLENISHER, :REPLENISHER_REFER1, :REPLENISHER_REFER2, SYSDATE
            ) 
 -------------------------------------------------------------- 
[07-01-2025 13:30:34] ERROR : ORA-01400: cannot insert NULL into ("FPC"."FPCQ_ANALYSIS_MASTER"."FAM_BATH_ID")
  QUERY : 
            INSERT INTO FPCQ_ANALYSIS_MASTER (
                FAM_CHEMICAL_ID, FAM_BATH_ID, FAM_CHEMICAL_DESC, FAM_CHEMICAL_DESC2,
                FAM_MC_CODE, FAM_SEQ, FAM_STATUS,
                FAM_UNIT, FAM_TARGET, FAM_USL, FAM_LSL, FAM_UCL, FAM_LCL,
                FAM_INPUT,
                FAM_FORMULA, FAM_FORMULA_REFER_ID, FAM_FORMULA_REFER_ID2,
                FAM_REPLENISHER, FAM_REP_REFER_ID1, FAM_REP_REFER_ID2, FAM_UPDATE_DATE
            ) VALUES (
                (SELECT A.F_ID AS CHEMICALID
                FROM (
                    SELECT DISTINCT 'C' || TRIM(TO_CHAR(FAM_CHEMICAL_ID, '0000')) AS F_ID
                    FROM (
                        SELECT LEVEL + 1 AS FAM_CHEMICAL_ID
                        FROM DUAL
                        CONNECT BY LEVEL <= 4000
                    ) NUMBERS
                    WHERE FAM_CHEMICAL_ID NOT IN (
                        SELECT SUBSTR(FAM_CHEMICAL_ID, 2, 4)
                        FROM FPCQ_ANALYSIS_MASTER
                    )
                    ORDER BY 1
                ) A
                WHERE ROWNUM = 1
                ), 
                :BATH, :CHEMICAL, :CHEMICAL,
                :Machine, :SEQ, 'A',
                :UNIT, :TARGET, :USL, :LSL, :UCL, :LCL,
                :INPUT,
                :FORMULA, :FORMULA_REFER1, :REPLENISHER_REFER2,
                :REPLENISHER, :REPLENISHER_REFER1, :REPLENISHER_REFER2, SYSDATE
            ) 
 -------------------------------------------------------------- 
