[08-01-2025 08:41:33] ERROR : ORA-12899: value too large for column "FPC"."FPCQ_ANALYSIS_MASTER"."FAM_BATH_ID" (actual: 12, maximum: 10)
  QUERY : 
            INSERT INTO FPCQ_ANALYSIS_MASTER (
                FAM_CHEMICAL_ID, FAM_BATH_ID, FAM_CHEMICAL_DESC, FAM_CHEMICAL_DESC2,
                FAM_MC_CODE, FAM_SEQ, FAM_STATUS,
                FAM_UNIT, FAM_TARGET, FAM_USL, FAM_LSL, FAM_UCL, FAM_LCL,
                FAM_INPUT,
                FAM_FORMULA, FAM_FORMULA_REFER_ID, FAM_FORMULA_REFER_ID2,
                FAM_REPLENISHER, FAM_REP_REFER_ID1, FAM_REP_REFER_ID2, FAM_UPDATE_DATE
            ) VALUES (
                (SELECT A.F_ID AS CHEMICALID
                FROM (
                    SELECT DISTINCT 'C' || TRIM(TO_CHAR(FAM_CHEMICAL_ID, '0000')) AS F_ID
                    FROM (
                        SELECT LEVEL + 1 AS FAM_CHEMICAL_ID
                        FROM DUAL
                        CONNECT BY LEVEL <= 4000
                    ) NUMBERS
                    WHERE FAM_CHEMICAL_ID NOT IN (
                        SELECT SUBSTR(FAM_CHEMICAL_ID, 2, 4)
                        FROM FPCQ_ANALYSIS_MASTER
                    )
                    ORDER BY 1
                ) A
                WHERE ROWNUM = 1
                ), 
                :BATH, :CHEMICAL, :CHEMICAL,
                :Machine, :SEQ, 'A',
                :UNIT, :TARGET, :USL, :LSL, :UCL, :LCL,
                :INPUT,
                :FORMULA, :FORMULA_REFER1, :REPLENISHER_REFER2,
                :REPLENISHER, :REPLENISHER_REFER1, :REPLENISHER_REFER2, SYSDATE
            ) 
 -------------------------------------------------------------- 
[08-01-2025 08:43:53] ERROR : ORA-12899: value too large for column "FPC"."FPCQ_ANALYSIS_MASTER"."FAM_BATH_ID" (actual: 12, maximum: 10)
  QUERY : 
            INSERT INTO FPCQ_ANALYSIS_MASTER (
                FAM_CHEMICAL_ID, FAM_BATH_ID, FAM_CHEMICAL_DESC, FAM_CHEMICAL_DESC2,
                FAM_MC_CODE, FAM_SEQ, FAM_STATUS,
                FAM_UNIT, FAM_TARGET, FAM_USL, FAM_LSL, FAM_UCL, FAM_LCL,
                FAM_INPUT,
                FAM_FORMULA, FAM_FORMULA_REFER_ID, FAM_FORMULA_REFER_ID2,
                FAM_REPLENISHER, FAM_REP_REFER_ID1, FAM_REP_REFER_ID2, FAM_UPDATE_DATE
            ) VALUES (
                (SELECT A.F_ID AS CHEMICALID
                FROM (
                    SELECT DISTINCT 'C' || TRIM(TO_CHAR(FAM_CHEMICAL_ID, '0000')) AS F_ID
                    FROM (
                        SELECT LEVEL + 1 AS FAM_CHEMICAL_ID
                        FROM DUAL
                        CONNECT BY LEVEL <= 4000
                    ) NUMBERS
                    WHERE FAM_CHEMICAL_ID NOT IN (
                        SELECT SUBSTR(FAM_CHEMICAL_ID, 2, 4)
                        FROM FPCQ_ANALYSIS_MASTER
                    )
                    ORDER BY 1
                ) A
                WHERE ROWNUM = 1
                ), 
                :BATH, :CHEMICAL, :CHEMICAL,
                :Machine, :SEQ, 'A',
                :UNIT, :TARGET, :USL, :LSL, :UCL, :LCL,
                :INPUT,
                :FORMULA, :FORMULA_REFER1, :REPLENISHER_REFER2,
                :REPLENISHER, :REPLENISHER_REFER1, :REPLENISHER_REFER2, SYSDATE
            ) 
 -------------------------------------------------------------- 
[08-01-2025 08:44:28] ERROR : ORA-12899: value too large for column "FPC"."FPCQ_ANALYSIS_MASTER"."FAM_BATH_ID" (actual: 12, maximum: 10)
  QUERY : 
            INSERT INTO FPCQ_ANALYSIS_MASTER (
                FAM_CHEMICAL_ID, FAM_BATH_ID, FAM_CHEMICAL_DESC, FAM_CHEMICAL_DESC2,
                FAM_MC_CODE, FAM_SEQ, FAM_STATUS,
                FAM_UNIT, FAM_TARGET, FAM_USL, FAM_LSL, FAM_UCL, FAM_LCL,
                FAM_INPUT,
                FAM_FORMULA, FAM_FORMULA_REFER_ID, FAM_FORMULA_REFER_ID2,
                FAM_REPLENISHER, FAM_REP_REFER_ID1, FAM_REP_REFER_ID2, FAM_UPDATE_DATE
            ) VALUES (
                (SELECT A.F_ID AS CHEMICALID
                FROM (
                    SELECT DISTINCT 'C' || TRIM(TO_CHAR(FAM_CHEMICAL_ID, '0000')) AS F_ID
                    FROM (
                        SELECT LEVEL + 1 AS FAM_CHEMICAL_ID
                        FROM DUAL
                        CONNECT BY LEVEL <= 4000
                    ) NUMBERS
                    WHERE FAM_CHEMICAL_ID NOT IN (
                        SELECT SUBSTR(FAM_CHEMICAL_ID, 2, 4)
                        FROM FPCQ_ANALYSIS_MASTER
                    )
                    ORDER BY 1
                ) A
                WHERE ROWNUM = 1
                ), 
                :BATH, :CHEMICAL, :CHEMICAL,
                :Machine, :SEQ, 'A',
                :UNIT, :TARGET, :USL, :LSL, :UCL, :LCL,
                :INPUT,
                :FORMULA, :FORMULA_REFER1, :REPLENISHER_REFER2,
                :REPLENISHER, :REPLENISHER_REFER1, :REPLENISHER_REFER2, SYSDATE
            ) 
 -------------------------------------------------------------- 
[08-01-2025 08:45:28] ERROR : ORA-12899: value too large for column "FPC"."FPCQ_ANALYSIS_MASTER"."FAM_BATH_ID" (actual: 12, maximum: 10)
  QUERY : 
            INSERT INTO FPCQ_ANALYSIS_MASTER (
                FAM_CHEMICAL_ID, FAM_BATH_ID, FAM_CHEMICAL_DESC, FAM_CHEMICAL_DESC2,
                FAM_MC_CODE, FAM_SEQ, FAM_STATUS,
                FAM_UNIT, FAM_TARGET, FAM_USL, FAM_LSL, FAM_UCL, FAM_LCL,
                FAM_INPUT,
                FAM_FORMULA, FAM_FORMULA_REFER_ID, FAM_FORMULA_REFER_ID2,
                FAM_REPLENISHER, FAM_REP_REFER_ID1, FAM_REP_REFER_ID2, FAM_UPDATE_DATE
            ) VALUES (
                (SELECT A.F_ID AS CHEMICALID
                FROM (
                    SELECT DISTINCT 'C' || TRIM(TO_CHAR(FAM_CHEMICAL_ID, '0000')) AS F_ID
                    FROM (
                        SELECT LEVEL + 1 AS FAM_CHEMICAL_ID
                        FROM DUAL
                        CONNECT BY LEVEL <= 4000
                    ) NUMBERS
                    WHERE FAM_CHEMICAL_ID NOT IN (
                        SELECT SUBSTR(FAM_CHEMICAL_ID, 2, 4)
                        FROM FPCQ_ANALYSIS_MASTER
                    )
                    ORDER BY 1
                ) A
                WHERE ROWNUM = 1
                ), 
                :BATH, :CHEMICAL, :CHEMICAL,
                :Machine, :SEQ, 'A',
                :UNIT, :TARGET, :USL, :LSL, :UCL, :LCL,
                :INPUT,
                :FORMULA, :FORMULA_REFER1, :REPLENISHER_REFER2,
                :REPLENISHER, :REPLENISHER_REFER1, :REPLENISHER_REFER2, SYSDATE
            ) 
 -------------------------------------------------------------- 
[08-01-2025 08:45:42] ERROR : ORA-12899: value too large for column "FPC"."FPCQ_ANALYSIS_MASTER"."FAM_BATH_ID" (actual: 12, maximum: 10)
  QUERY : 
            INSERT INTO FPCQ_ANALYSIS_MASTER (
                FAM_CHEMICAL_ID, FAM_BATH_ID, FAM_CHEMICAL_DESC, FAM_CHEMICAL_DESC2,
                FAM_MC_CODE, FAM_SEQ, FAM_STATUS,
                FAM_UNIT, FAM_TARGET, FAM_USL, FAM_LSL, FAM_UCL, FAM_LCL,
                FAM_INPUT,
                FAM_FORMULA, FAM_FORMULA_REFER_ID, FAM_FORMULA_REFER_ID2,
                FAM_REPLENISHER, FAM_REP_REFER_ID1, FAM_REP_REFER_ID2, FAM_UPDATE_DATE
            ) VALUES (
                (SELECT A.F_ID AS CHEMICALID
                FROM (
                    SELECT DISTINCT 'C' || TRIM(TO_CHAR(FAM_CHEMICAL_ID, '0000')) AS F_ID
                    FROM (
                        SELECT LEVEL + 1 AS FAM_CHEMICAL_ID
                        FROM DUAL
                        CONNECT BY LEVEL <= 4000
                    ) NUMBERS
                    WHERE FAM_CHEMICAL_ID NOT IN (
                        SELECT SUBSTR(FAM_CHEMICAL_ID, 2, 4)
                        FROM FPCQ_ANALYSIS_MASTER
                    )
                    ORDER BY 1
                ) A
                WHERE ROWNUM = 1
                ), 
                :BATH, :CHEMICAL, :CHEMICAL,
                :Machine, :SEQ, 'A',
                :UNIT, :TARGET, :USL, :LSL, :UCL, :LCL,
                :INPUT,
                :FORMULA, :FORMULA_REFER1, :REPLENISHER_REFER2,
                :REPLENISHER, :REPLENISHER_REFER1, :REPLENISHER_REFER2, SYSDATE
            ) 
 -------------------------------------------------------------- 
[08-01-2025 08:46:21] ERROR : ORA-12899: value too large for column "FPC"."FPCQ_ANALYSIS_MASTER"."FAM_BATH_ID" (actual: 12, maximum: 10)
  QUERY : 
            INSERT INTO FPCQ_ANALYSIS_MASTER (
                FAM_CHEMICAL_ID, FAM_BATH_ID, FAM_CHEMICAL_DESC, FAM_CHEMICAL_DESC2,
                FAM_MC_CODE, FAM_SEQ, FAM_STATUS,
                FAM_UNIT, FAM_TARGET, FAM_USL, FAM_LSL, FAM_UCL, FAM_LCL,
                FAM_INPUT,
                FAM_FORMULA, FAM_FORMULA_REFER_ID, FAM_FORMULA_REFER_ID2,
                FAM_REPLENISHER, FAM_REP_REFER_ID1, FAM_REP_REFER_ID2, FAM_UPDATE_DATE
            ) VALUES (
                (SELECT A.F_ID AS CHEMICALID
                FROM (
                    SELECT DISTINCT 'C' || TRIM(TO_CHAR(FAM_CHEMICAL_ID, '0000')) AS F_ID
                    FROM (
                        SELECT LEVEL + 1 AS FAM_CHEMICAL_ID
                        FROM DUAL
                        CONNECT BY LEVEL <= 4000
                    ) NUMBERS
                    WHERE FAM_CHEMICAL_ID NOT IN (
                        SELECT SUBSTR(FAM_CHEMICAL_ID, 2, 4)
                        FROM FPCQ_ANALYSIS_MASTER
                    )
                    ORDER BY 1
                ) A
                WHERE ROWNUM = 1
                ), 
                :BATH, :CHEMICAL, :CHEMICAL,
                :Machine, :SEQ, 'A',
                :UNIT, :TARGET, :USL, :LSL, :UCL, :LCL,
                :INPUT,
                :FORMULA, :FORMULA_REFER1, :REPLENISHER_REFER2,
                :REPLENISHER, :REPLENISHER_REFER1, :REPLENISHER_REFER2, SYSDATE
            ) 
 -------------------------------------------------------------- 
[08-01-2025 08:46:43] ERROR : ORA-12899: value too large for column "FPC"."FPCQ_ANALYSIS_MASTER"."FAM_BATH_ID" (actual: 12, maximum: 10)
  QUERY : 
            INSERT INTO FPCQ_ANALYSIS_MASTER (
                FAM_CHEMICAL_ID, FAM_BATH_ID, FAM_CHEMICAL_DESC, FAM_CHEMICAL_DESC2,
                FAM_MC_CODE, FAM_SEQ, FAM_STATUS,
                FAM_UNIT, FAM_TARGET, FAM_USL, FAM_LSL, FAM_UCL, FAM_LCL,
                FAM_INPUT,
                FAM_FORMULA, FAM_FORMULA_REFER_ID, FAM_FORMULA_REFER_ID2,
                FAM_REPLENISHER, FAM_REP_REFER_ID1, FAM_REP_REFER_ID2, FAM_UPDATE_DATE
            ) VALUES (
                (SELECT A.F_ID AS CHEMICALID
                FROM (
                    SELECT DISTINCT 'C' || TRIM(TO_CHAR(FAM_CHEMICAL_ID, '0000')) AS F_ID
                    FROM (
                        SELECT LEVEL + 1 AS FAM_CHEMICAL_ID
                        FROM DUAL
                        CONNECT BY LEVEL <= 4000
                    ) NUMBERS
                    WHERE FAM_CHEMICAL_ID NOT IN (
                        SELECT SUBSTR(FAM_CHEMICAL_ID, 2, 4)
                        FROM FPCQ_ANALYSIS_MASTER
                    )
                    ORDER BY 1
                ) A
                WHERE ROWNUM = 1
                ), 
                :BATH, :CHEMICAL, :CHEMICAL,
                :Machine, :SEQ, 'A',
                :UNIT, :TARGET, :USL, :LSL, :UCL, :LCL,
                :INPUT,
                :FORMULA, :FORMULA_REFER1, :REPLENISHER_REFER2,
                :REPLENISHER, :REPLENISHER_REFER1, :REPLENISHER_REFER2, SYSDATE
            ) 
 -------------------------------------------------------------- 
[08-01-2025 08:48:16] ERROR : ORA-12899: value too large for column "FPC"."FPCQ_ANALYSIS_MASTER"."FAM_BATH_ID" (actual: 12, maximum: 10)
  QUERY : 
            INSERT INTO FPCQ_ANALYSIS_MASTER (
                FAM_CHEMICAL_ID, FAM_BATH_ID, FAM_CHEMICAL_DESC, FAM_CHEMICAL_DESC2,
                FAM_MC_CODE, FAM_SEQ, FAM_STATUS,
                FAM_UNIT, FAM_TARGET, FAM_USL, FAM_LSL, FAM_UCL, FAM_LCL,
                FAM_INPUT,
                FAM_FORMULA, FAM_FORMULA_REFER_ID, FAM_FORMULA_REFER_ID2,
                FAM_REPLENISHER, FAM_REP_REFER_ID1, FAM_REP_REFER_ID2, FAM_UPDATE_DATE
            ) VALUES (
                (SELECT A.F_ID AS CHEMICALID
                FROM (
                    SELECT DISTINCT 'C' || TRIM(TO_CHAR(FAM_CHEMICAL_ID, '0000')) AS F_ID
                    FROM (
                        SELECT LEVEL + 1 AS FAM_CHEMICAL_ID
                        FROM DUAL
                        CONNECT BY LEVEL <= 4000
                    ) NUMBERS
                    WHERE FAM_CHEMICAL_ID NOT IN (
                        SELECT SUBSTR(FAM_CHEMICAL_ID, 2, 4)
                        FROM FPCQ_ANALYSIS_MASTER
                    )
                    ORDER BY 1
                ) A
                WHERE ROWNUM = 1
                ), 
                :BATH, :CHEMICAL, :CHEMICAL,
                :Machine, :SEQ, 'A',
                :UNIT, :TARGET, :USL, :LSL, :UCL, :LCL,
                :INPUT,
                :FORMULA, :FORMULA_REFER1, :REPLENISHER_REFER2,
                :REPLENISHER, :REPLENISHER_REFER1, :REPLENISHER_REFER2, SYSDATE
            ) 
 -------------------------------------------------------------- 
[08-01-2025 09:24:21] ERROR : ORA-01036: illegal variable name/number
  QUERY : 
            INSERT INTO FPCQ_ANALYSIS_MASTER (
                FAM_CHEMICAL_ID, FAM_BATH_ID, FAM_CHEMICAL_DESC, FAM_CHEMICAL_DESC2,
                FAM_MC_CODE, FAM_SEQ, FAM_STATUS,
                FAM_UNIT, FAM_TARGET, FAM_USL, FAM_LSL, FAM_UCL, FAM_LCL,
                FAM_INPUT,
                FAM_FORMULA, FAM_FORMULA_REFER_ID, FAM_FORMULA_REFER_ID2,
                FAM_REPLENISHER, FAM_REP_REFER_ID1, FAM_REP_REFER_ID2, FAM_UPDATE_DATE,FAM_UPDATE_BY
            ) VALUES (
                (SELECT A.F_ID AS CHEMICALID
                FROM (
                    SELECT DISTINCT 'C' || TRIM(TO_CHAR(FAM_CHEMICAL_ID, '0000')) AS F_ID
                    FROM (
                        SELECT LEVEL + 1 AS FAM_CHEMICAL_ID
                        FROM DUAL
                        CONNECT BY LEVEL <= 4000
                    ) NUMBERS
                    WHERE FAM_CHEMICAL_ID NOT IN (
                        SELECT SUBSTR(FAM_CHEMICAL_ID, 2, 4)
                        FROM FPCQ_ANALYSIS_MASTER
                    )
                    ORDER BY 1
                ) A
                WHERE ROWNUM = 1
                ), 
                :BATH, :CHEMICAL, :CHEMICAL,
                :Machine, :SEQ, 'A',
                :UNIT, :TARGET, :USL, :LSL, :UCL, :LCL,
                :INPUT,
                :FORMULA, :FORMULA_REFER1, :REPLENISHER_REFER2,
                :REPLENISHER, :REPLENISHER_REFER1, :REPLENISHER_REFER2, SYSDATE
            ) 
 -------------------------------------------------------------- 
[08-01-2025 09:29:05] ERROR : ORA-01036: illegal variable name/number
  QUERY : 
            INSERT INTO FPCQ_ANALYSIS_MASTER (
                FAM_CHEMICAL_ID, FAM_BATH_ID, FAM_CHEMICAL_DESC, FAM_CHEMICAL_DESC2,
                FAM_MC_CODE, FAM_SEQ, FAM_STATUS,
                FAM_UNIT, FAM_TARGET, FAM_USL, FAM_LSL, FAM_UCL, FAM_LCL,
                FAM_INPUT,
                FAM_FORMULA, FAM_FORMULA_REFER_ID, FAM_FORMULA_REFER_ID2,
                FAM_REPLENISHER, FAM_REP_REFER_ID1, FAM_REP_REFER_ID2, FAM_UPDATE_DATE,FAM_UPDATE_BY
            ) VALUES (
                (SELECT A.F_ID AS CHEMICALID
                FROM (
                    SELECT DISTINCT 'C' || TRIM(TO_CHAR(FAM_CHEMICAL_ID, '0000')) AS F_ID
                    FROM (
                        SELECT LEVEL + 1 AS FAM_CHEMICAL_ID
                        FROM DUAL
                        CONNECT BY LEVEL <= 4000
                    ) NUMBERS
                    WHERE FAM_CHEMICAL_ID NOT IN (
                        SELECT SUBSTR(FAM_CHEMICAL_ID, 2, 4)
                        FROM FPCQ_ANALYSIS_MASTER
                    )
                    ORDER BY 1
                ) A
                WHERE ROWNUM = 1
                ), 
                :BATH, :CHEMICAL, :CHEMICAL,
                :Machine, :SEQ, 'A',
                :UNIT, :TARGET, :USL, :LSL, :UCL, :LCL,
                :INPUT,
                :FORMULA, :FORMULA_REFER1, :REPLENISHER_REFER2,
            UPDATE_BY:loginID
                :REPLENISHER, :REPLENISHER_REFER1, :REPLENISHER_REFER2, SYSDATE, :UPDATE_BY
            ) 
 -------------------------------------------------------------- 
[08-01-2025 09:29:25] ERROR : ORA-01036: illegal variable name/number
  QUERY : 
            INSERT INTO FPCQ_ANALYSIS_MASTER (
                FAM_CHEMICAL_ID, FAM_BATH_ID, FAM_CHEMICAL_DESC, FAM_CHEMICAL_DESC2,
                FAM_MC_CODE, FAM_SEQ, FAM_STATUS,
                FAM_UNIT, FAM_TARGET, FAM_USL, FAM_LSL, FAM_UCL, FAM_LCL,
                FAM_INPUT,
                FAM_FORMULA, FAM_FORMULA_REFER_ID, FAM_FORMULA_REFER_ID2,
                FAM_REPLENISHER, FAM_REP_REFER_ID1, FAM_REP_REFER_ID2, FAM_UPDATE_DATE,FAM_UPDATE_BY
            ) VALUES (
                (SELECT A.F_ID AS CHEMICALID
                FROM (
                    SELECT DISTINCT 'C' || TRIM(TO_CHAR(FAM_CHEMICAL_ID, '0000')) AS F_ID
                    FROM (
                        SELECT LEVEL + 1 AS FAM_CHEMICAL_ID
                        FROM DUAL
                        CONNECT BY LEVEL <= 4000
                    ) NUMBERS
                    WHERE FAM_CHEMICAL_ID NOT IN (
                        SELECT SUBSTR(FAM_CHEMICAL_ID, 2, 4)
                        FROM FPCQ_ANALYSIS_MASTER
                    )
                    ORDER BY 1
                ) A
                WHERE ROWNUM = 1
                ), 
                :BATH, :CHEMICAL, :CHEMICAL,
                :Machine, :SEQ, 'A',
                :UNIT, :TARGET, :USL, :LSL, :UCL, :LCL,
                :INPUT,
                :FORMULA, :FORMULA_REFER1, :REPLENISHER_REFER2,
            UPDATE_BY:loginID
                :REPLENISHER, :REPLENISHER_REFER1, :REPLENISHER_REFER2, SYSDATE, :UPDATE_BY
            ) 
 -------------------------------------------------------------- 
[08-01-2025 09:38:29] ERROR : ORA-01036: illegal variable name/number
  QUERY : 
          UPDATE FPCQ_ANALYSIS_MASTER T
            SET T.FAM_CHEMICAL_DESC=:CHEMICAL
                ,T.FAM_CHEMICAL_DESC2=:CHEMICAL
                ,T.FAM_SEQ=:SEQ
                ,T.FAM_UNIT=:UNIT
                ,T.FAM_TARGET=:TARGET
                ,T.FAM_USL=:USL
                ,T.FAM_LSL=:LSL
                ,T.FAM_UCL=:UCL
                ,T.FAM_LCL=:LCL
                ,T.FAM_FORMULA=:FORMULA
                ,T.FAM_FORMULA_REFER_ID=:FORMULA_REFER1
                ,T.FAM_FORMULA_REFER_ID2=:FORMULA_REFER2
                ,T.FAM_INPUT=:INPUT
                ,T.FAM_STATUS='A'
                ,T.FAM_REPLENISHER=:REPLENISHER
                ,T.FAM_REP_REFER_ID1=:REPLENISHER_REFER1
                ,T.FAM_REP_REFER_ID2=:REPLENISHER_REFER2
                ,T.FAM_UPDATE_DATE=SYSDATE
                ,FAM_UPDATE_BY=:UPDATE_BY
            WHERE T.FAM_CHEMICAL_DESC=:CHEMICAL 
 -------------------------------------------------------------- 
[08-01-2025 09:38:49] ERROR : ORA-01036: illegal variable name/number
  QUERY : 
          UPDATE FPCQ_ANALYSIS_MASTER T
            SET T.FAM_CHEMICAL_DESC=:CHEMICAL
                ,T.FAM_CHEMICAL_DESC2=:CHEMICAL
                ,T.FAM_SEQ=:SEQ
                ,T.FAM_UNIT=:UNIT
                ,T.FAM_TARGET=:TARGET
                ,T.FAM_USL=:USL
                ,T.FAM_LSL=:LSL
                ,T.FAM_UCL=:UCL
                ,T.FAM_LCL=:LCL
                ,T.FAM_FORMULA=:FORMULA
                ,T.FAM_FORMULA_REFER_ID=:FORMULA_REFER1
                ,T.FAM_FORMULA_REFER_ID2=:FORMULA_REFER2
                ,T.FAM_INPUT=:INPUT
                ,T.FAM_STATUS='A'
                ,T.FAM_REPLENISHER=:REPLENISHER
                ,T.FAM_REP_REFER_ID1=:REPLENISHER_REFER1
                ,T.FAM_REP_REFER_ID2=:REPLENISHER_REFER2
                ,T.FAM_UPDATE_DATE=SYSDATE
                ,FAM_UPDATE_BY=:UPDATE_BY
            WHERE T.FAM_CHEMICAL_DESC=:CHEMICAL 
 -------------------------------------------------------------- 
[08-01-2025 09:39:30] ERROR : ORA-01036: illegal variable name/number
  QUERY : 
          UPDATE FPCQ_ANALYSIS_MASTER T
            SET T.FAM_CHEMICAL_DESC=:CHEMICAL
                ,T.FAM_CHEMICAL_DESC2=:CHEMICAL
                ,T.FAM_SEQ=:SEQ
                ,T.FAM_UNIT=:UNIT
                ,T.FAM_TARGET=:TARGET
                ,T.FAM_USL=:USL
                ,T.FAM_LSL=:LSL
                ,T.FAM_UCL=:UCL
                ,T.FAM_LCL=:LCL
                ,T.FAM_FORMULA=:FORMULA
                ,T.FAM_FORMULA_REFER_ID=:FORMULA_REFER1
                ,T.FAM_FORMULA_REFER_ID2=:FORMULA_REFER2
                ,T.FAM_INPUT=:INPUT
                ,T.FAM_STATUS='A'
                ,T.FAM_REPLENISHER=:REPLENISHER
                ,T.FAM_REP_REFER_ID1=:REPLENISHER_REFER1
                ,T.FAM_REP_REFER_ID2=:REPLENISHER_REFER2
                ,FAM_UPDATE_BY=:UPDATE_BY
                ,T.FAM_UPDATE_DATE=SYSDATE
            WHERE T.FAM_CHEMICAL_DESC=:CHEMICAL 
 -------------------------------------------------------------- 
[08-01-2025 09:41:23] ERROR : ORA-01036: illegal variable name/number
  QUERY : 
          UPDATE FPCQ_ANALYSIS_MASTER T
            SET T.FAM_CHEMICAL_DESC=:CHEMICAL
                ,T.FAM_CHEMICAL_DESC2=:CHEMICAL_DESC2
                ,T.FAM_SEQ=:SEQ
                ,T.FAM_UNIT=:UNIT
                ,T.FAM_TARGET=:TARGET
                ,T.FAM_USL=:USL
                ,T.FAM_LSL=:LSL
                ,T.FAM_UCL=:UCL
                ,T.FAM_LCL=:LCL
                ,T.FAM_FORMULA=:FORMULA
                ,T.FAM_FORMULA_REFER_ID=:FORMULA_REFER1
                ,T.FAM_FORMULA_REFER_ID2=:FORMULA_REFER2
                ,T.FAM_INPUT=:INPUT
                ,T.FAM_STATUS='A'
                ,T.FAM_REPLENISHER=:REPLENISHER
                ,T.FAM_REP_REFER_ID1=:REPLENISHER_REFER1
                ,T.FAM_REP_REFER_ID2=:REPLENISHER_REFER2
                ,FAM_UPDATE_BY=:UPDATE_BY
                ,T.FAM_UPDATE_DATE=SYSDATE
            WHERE T.FAM_CHEMICAL_DESC=:CHEMICAL 
 -------------------------------------------------------------- 
[08-01-2025 09:41:53] ERROR : ORA-01036: illegal variable name/number
  QUERY : 
          UPDATE FPCQ_ANALYSIS_MASTER T
            SET T.FAM_CHEMICAL_DESC=:CHEMICAL
                ,T.FAM_CHEMICAL_DESC2=:CHEMICAL
                ,T.FAM_SEQ=:SEQ
                ,T.FAM_UNIT=:UNIT
                ,T.FAM_TARGET=:TARGET
                ,T.FAM_USL=:USL
                ,T.FAM_LSL=:LSL
                ,T.FAM_UCL=:UCL
                ,T.FAM_LCL=:LCL
                ,T.FAM_FORMULA=:FORMULA
                ,T.FAM_FORMULA_REFER_ID=:FORMULA_REFER1
                ,T.FAM_FORMULA_REFER_ID2=:FORMULA_REFER2
                ,T.FAM_INPUT=:INPUT
                ,T.FAM_STATUS='A'
                ,T.FAM_REPLENISHER=:REPLENISHER
                ,T.FAM_REP_REFER_ID1=:REPLENISHER_REFER1
                ,T.FAM_REP_REFER_ID2=:REPLENISHER_REFER2
                ,T.FAM_UPDATE_BY=:UPDATE_BY
                ,T.FAM_UPDATE_DATE=SYSDATE
            WHERE T.FAM_CHEMICAL_DESC=:CHEMICAL 
 -------------------------------------------------------------- 
[08-01-2025 10:13:44] ERROR : ORA-01036: illegal variable name/number
  QUERY : 
          UPDATE FPCQ_ANALYSIS_MASTER T
            SET T.FAM_CHEMICAL_DESC=:CHEMICAL
                ,T.FAM_CHEMICAL_DESC2=:CHEMICAL
                ,T.FAM_SEQ=:SEQ
                ,T.FAM_UNIT=:UNIT
                ,T.FAM_TARGET=:TARGET
                ,T.FAM_USL=:USL
                ,T.FAM_LSL=:LSL
                ,T.FAM_UCL=:UCL
                ,T.FAM_LCL=:LCL
                ,T.FAM_FORMULA=:FORMULA
                ,T.FAM_FORMULA_REFER_ID=:FORMULA_REFER1
                ,T.FAM_FORMULA_REFER_ID2=:FORMULA_REFER2
                ,T.FAM_INPUT=:INPUT
                ,T.FAM_STATUS='A'
                ,T.FAM_REPLENISHER=:REPLENISHER
                ,T.FAM_REP_REFER_ID1=:REPLENISHER_REFER1
                ,T.FAM_REP_REFER_ID2=:REPLENISHER_REFER2
                ,T.FAM_UPDATE_BY=:UPDATE_BY
                ,T.FAM_UPDATE_DATE=SYSDATE
            WHERE T.FAM_CHEMICAL_DESC=:CHEMICAL 
 -------------------------------------------------------------- 
[08-01-2025 10:22:41] ERROR : ORA-00933: SQL command not properly ended
  QUERY :  
 -------------------------------------------------------------- 
[08-01-2025 10:23:58] ERROR : ORA-00933: SQL command not properly ended
  QUERY :  
 -------------------------------------------------------------- 
[08-01-2025 10:24:25] ERROR : ORA-00933: SQL command not properly ended
  QUERY :  
 -------------------------------------------------------------- 
[08-01-2025 10:24:49] ERROR : ORA-00933: SQL command not properly ended
  QUERY :  
 -------------------------------------------------------------- 
[08-01-2025 10:25:47] ERROR : NJS-012: encountered invalid bind data type in parameter 2
  QUERY : 
          UPDATE FPCQ_ANALYSIS_MASTER T
            SET T.FAM_CHEMICAL_DESC=:CHEMICAL
                ,T.FAM_CHEMICAL_DESC2=:CHEMICAL
                ,T.FAM_SEQ=:SEQ
                ,T.FAM_UNIT=:UNIT
                ,T.FAM_TARGET=:TARGET
                ,T.FAM_USL=:USL
                ,T.FAM_LSL=:LSL
                ,T.FAM_UCL=:UCL
                ,T.FAM_LCL=:LCL
                ,T.FAM_FORMULA=:FORMULA
                ,T.FAM_FORMULA_REFER_ID=:FORMULA_REFER1
                ,T.FAM_FORMULA_REFER_ID2=:FORMULA_REFER2
                ,T.FAM_INPUT=:INPUT
                ,T.FAM_STATUS='A'
                ,T.FAM_REPLENISHER=:REPLENISHER
                ,T.FAM_REP_REFER_ID1=:REPLENISHER_REFER1
                ,T.FAM_REP_REFER_ID2=:REPLENISHER_REFER2
                ,T.FAM_UPDATE_BY=:UPDATE_BY
                ,T.FAM_UPDATE_DATE=SYSDATE
            WHERE T.FAM_CHEMICAL_DESC=:CHEMICAL_ID 
 -------------------------------------------------------------- 
[08-01-2025 10:26:06] ERROR : ORA-01036: illegal variable name/number
  QUERY : 
          UPDATE FPCQ_ANALYSIS_MASTER T
            SET T.FAM_CHEMICAL_DESC=:CHEMICAL
                ,T.FAM_CHEMICAL_DESC2=:CHEMICAL
                ,T.FAM_SEQ=:SEQ
                ,T.FAM_UNIT=:UNIT
                ,T.FAM_TARGET=:TARGET
                ,T.FAM_USL=:USL
                ,T.FAM_LSL=:LSL
                ,T.FAM_UCL=:UCL
                ,T.FAM_LCL=:LCL
                ,T.FAM_FORMULA=:FORMULA
                ,T.FAM_FORMULA_REFER_ID=:FORMULA_REFER1
                ,T.FAM_FORMULA_REFER_ID2=:FORMULA_REFER2
                ,T.FAM_INPUT=:INPUT
                ,T.FAM_STATUS='A'
                ,T.FAM_REPLENISHER=:REPLENISHER
                ,T.FAM_REP_REFER_ID1=:REPLENISHER_REFER1
                ,T.FAM_REP_REFER_ID2=:REPLENISHER_REFER2
                ,T.FAM_UPDATE_BY=:UPDATE_BY
                ,T.FAM_UPDATE_DATE=SYSDATE
            WHERE T.FAM_CHEMICAL_DESC=:CHEMICAL_ID 
 -------------------------------------------------------------- 
[08-01-2025 10:26:39] ERROR : ORA-01036: illegal variable name/number
  QUERY : 
          UPDATE FPCQ_ANALYSIS_MASTER T
            SET T.FAM_CHEMICAL_DESC=:CHEMICAL
                ,T.FAM_CHEMICAL_DESC2=:CHEMICAL
                ,T.FAM_SEQ=:SEQ
                ,T.FAM_UNIT=:UNIT
                ,T.FAM_TARGET=:TARGET
                ,T.FAM_USL=:USL
                ,T.FAM_LSL=:LSL
                ,T.FAM_UCL=:UCL
                ,T.FAM_LCL=:LCL
                ,T.FAM_FORMULA=:FORMULA
                ,T.FAM_FORMULA_REFER_ID=:FORMULA_REFER1
                ,T.FAM_FORMULA_REFER_ID2=:FORMULA_REFER2
                ,T.FAM_INPUT=:INPUT
                ,T.FAM_STATUS='A'
                ,T.FAM_REPLENISHER=:REPLENISHER
                ,T.FAM_REP_REFER_ID1=:REPLENISHER_REFER1
                ,T.FAM_REP_REFER_ID2=:REPLENISHER_REFER2
                ,T.FAM_UPDATE_BY=:UPDATE_BY
                ,T.FAM_UPDATE_DATE=SYSDATE
            WHERE T.FAM_CHEMICAL_ID=:CHEMICAL_ID 
 -------------------------------------------------------------- 
[08-01-2025 10:29:51] ERROR : ORA-01036: illegal variable name/number
  QUERY : 
          UPDATE FPCQ_ANALYSIS_MASTER T
            SET T.FAM_CHEMICAL_DESC=:CHEMICAL
                ,T.FAM_CHEMICAL_DESC2=:CHEMICAL
                ,T.FAM_SEQ=:SEQ
                ,T.FAM_UNIT=:UNIT
                ,T.FAM_TARGET=:TARGET
                ,T.FAM_USL=:USL
                ,T.FAM_LSL=:LSL
                ,T.FAM_UCL=:UCL
                ,T.FAM_LCL=:LCL
                ,T.FAM_FORMULA=:FORMULA
                ,T.FAM_FORMULA_REFER_ID=:FORMULA_REFER1
                ,T.FAM_FORMULA_REFER_ID2=:FORMULA_REFER2
                ,T.FAM_INPUT=:INPUT
                ,T.FAM_STATUS='A'
                ,T.FAM_REPLENISHER=:REPLENISHER
                ,T.FAM_REP_REFER_ID1=:REPLENISHER_REFER1
                ,T.FAM_REP_REFER_ID2=:REPLENISHER_REFER2
                ,T.FAM_UPDATE_BY=:UPDATE_BY
                ,T.FAM_UPDATE_DATE=SYSDATE
            WHERE T.FAM_CHEMICAL_ID=:CHEMICAL_ID 
 -------------------------------------------------------------- 
[08-01-2025 10:52:59] ERROR : ORA-01036: illegal variable name/number
  QUERY : 
          UPDATE FPCQ_ANALYSIS_MASTER T
            SET T.FAM_CHEMICAL_DESC=:CHEMICAL
                ,T.FAM_CHEMICAL_DESC2=:CHEMICAL
                ,T.FAM_SEQ=:SEQ
                ,T.FAM_UNIT=:UNIT
                ,T.FAM_TARGET=:TARGET
                ,T.FAM_USL=:USL
                ,T.FAM_LSL=:LSL
                ,T.FAM_UCL=:UCL
                ,T.FAM_LCL=:LCL
                ,T.FAM_FORMULA=:FORMULA
                ,T.FAM_FORMULA_REFER_ID=:FORMULA_REFER1
                ,T.FAM_FORMULA_REFER_ID2=:FORMULA_REFER2
                ,T.FAM_INPUT=:INPUT
                ,T.FAM_STATUS='A'
                ,T.FAM_REPLENISHER=:REPLENISHER
                ,T.FAM_REP_REFER_ID1=:REPLENISHER_REFER1
                ,T.FAM_REP_REFER_ID2=:REPLENISHER_REFER2
                ,T.FAM_UPDATE_BY=:UPDATE_BY
                ,T.FAM_UPDATE_DATE=SYSDATE
            WHERE T.FAM_CHEMICAL_ID=:CHEMICAL_ID 
 -------------------------------------------------------------- 
[08-01-2025 10:54:12] ERROR : ORA-01036: illegal variable name/number
  QUERY : 
          UPDATE FPCQ_ANALYSIS_MASTER T
            SET T.FAM_CHEMICAL_DESC=:CHEMICAL
                ,T.FAM_CHEMICAL_DESC2=:CHEMICAL
                ,T.FAM_SEQ=:SEQ
                ,T.FAM_UNIT=:UNIT
                ,T.FAM_TARGET=:TARGET
                ,T.FAM_USL=:USL
                ,T.FAM_LSL=:LSL
                ,T.FAM_UCL=:UCL
                ,T.FAM_LCL=:LCL
                ,T.FAM_FORMULA=:FORMULA
                ,T.FAM_FORMULA_REFER_ID=:FORMULA_REFER1
                ,T.FAM_FORMULA_REFER_ID2=:FORMULA_REFER2
                ,T.FAM_INPUT=:INPUT
                ,T.FAM_STATUS='A'
                ,T.FAM_REPLENISHER=:REPLENISHER
                ,T.FAM_REP_REFER_ID1=:REPLENISHER_REFER1
                ,T.FAM_REP_REFER_ID2=:REPLENISHER_REFER2
                ,T.FAM_UPDATE_DATE=SYSDATE
                ,T.FAM_UPDATE_BY=:UPDATE_BY
            WHERE T.FAM_CHEMICAL_ID=:CHEMICAL_ID 
 -------------------------------------------------------------- 
[08-01-2025 10:55:59] ERROR : ORA-01036: illegal variable name/number
  QUERY : 
          UPDATE FPCQ_ANALYSIS_MASTER T
            SET T.FAM_CHEMICAL_DESC=:CHEMICAL
                ,T.FAM_CHEMICAL_DESC2=:CHEMICAL
                ,T.FAM_SEQ=:SEQ
                ,T.FAM_UNIT=:UNIT
                ,T.FAM_TARGET=:TARGET
                ,T.FAM_USL=:USL
                ,T.FAM_LSL=:LSL
                ,T.FAM_UCL=:UCL
                ,T.FAM_LCL=:LCL
                ,T.FAM_FORMULA=:FORMULA
                ,T.FAM_FORMULA_REFER_ID=:FORMULA_REFER1
                ,T.FAM_FORMULA_REFER_ID2=:FORMULA_REFER2
                ,T.FAM_INPUT=:INPUT
                ,T.FAM_STATUS='A'
                ,T.FAM_REPLENISHER=:REPLENISHER
                ,T.FAM_REP_REFER_ID1=:REPLENISHER_REFER1
                ,T.FAM_REP_REFER_ID2=:REPLENISHER_REFER2
                ,T.FAM_UPDATE_DATE=SYSDATE
                ,T.FAM_UPDATE_BY=:UPDATE_BY
            WHERE T.FAM_CHEMICAL_ID=:CHEMICAL_ID 
 -------------------------------------------------------------- 
[08-01-2025 10:56:00] ERROR : ORA-01036: illegal variable name/number
  QUERY : 
          UPDATE FPCQ_ANALYSIS_MASTER T
            SET T.FAM_CHEMICAL_DESC=:CHEMICAL
                ,T.FAM_CHEMICAL_DESC2=:CHEMICAL
                ,T.FAM_SEQ=:SEQ
                ,T.FAM_UNIT=:UNIT
                ,T.FAM_TARGET=:TARGET
                ,T.FAM_USL=:USL
                ,T.FAM_LSL=:LSL
                ,T.FAM_UCL=:UCL
                ,T.FAM_LCL=:LCL
                ,T.FAM_FORMULA=:FORMULA
                ,T.FAM_FORMULA_REFER_ID=:FORMULA_REFER1
                ,T.FAM_FORMULA_REFER_ID2=:FORMULA_REFER2
                ,T.FAM_INPUT=:INPUT
                ,T.FAM_STATUS='A'
                ,T.FAM_REPLENISHER=:REPLENISHER
                ,T.FAM_REP_REFER_ID1=:REPLENISHER_REFER1
                ,T.FAM_REP_REFER_ID2=:REPLENISHER_REFER2
                ,T.FAM_UPDATE_DATE=SYSDATE
                ,T.FAM_UPDATE_BY=:UPDATE_BY
            WHERE T.FAM_CHEMICAL_ID=:CHEMICAL_ID 
 -------------------------------------------------------------- 
[08-01-2025 10:56:06] ERROR : ORA-01036: illegal variable name/number
  QUERY : 
          UPDATE FPCQ_ANALYSIS_MASTER T
            SET T.FAM_CHEMICAL_DESC=:CHEMICAL
                ,T.FAM_CHEMICAL_DESC2=:CHEMICAL
                ,T.FAM_SEQ=:SEQ
                ,T.FAM_UNIT=:UNIT
                ,T.FAM_TARGET=:TARGET
                ,T.FAM_USL=:USL
                ,T.FAM_LSL=:LSL
                ,T.FAM_UCL=:UCL
                ,T.FAM_LCL=:LCL
                ,T.FAM_FORMULA=:FORMULA
                ,T.FAM_FORMULA_REFER_ID=:FORMULA_REFER1
                ,T.FAM_FORMULA_REFER_ID2=:FORMULA_REFER2
                ,T.FAM_INPUT=:INPUT
                ,T.FAM_STATUS='A'
                ,T.FAM_REPLENISHER=:REPLENISHER
                ,T.FAM_REP_REFER_ID1=:REPLENISHER_REFER1
                ,T.FAM_REP_REFER_ID2=:REPLENISHER_REFER2
                ,T.FAM_UPDATE_DATE=SYSDATE
                ,T.FAM_UPDATE_BY=:UPDATE_BY
            WHERE T.FAM_CHEMICAL_ID=:CHEMICAL_ID 
 -------------------------------------------------------------- 
[08-01-2025 11:30:09] ERROR : ORA-01036: illegal variable name/number
  QUERY : 

           
 -------------------------------------------------------------- 
[08-01-2025 11:30:10] ERROR : ORA-01036: illegal variable name/number
  QUERY : 

           
 -------------------------------------------------------------- 
[08-01-2025 11:32:58] ERROR : ORA-01036: illegal variable name/number
  QUERY : 
         
           
 -------------------------------------------------------------- 
[08-01-2025 11:33:00] ERROR : ORA-01036: illegal variable name/number
  QUERY : 
         
           
 -------------------------------------------------------------- 
[08-01-2025 11:35:58] ERROR : ORA-01036: illegal variable name/number
  QUERY : 
          UPDATE FPCQ_ANALYSIS_MASTER T
          SET T.FAM_FORMULA_REFER_ID=NVL(:FORMULA_REFER_ID1,T.FAM_FORMULA_REFER_ID)
              ,T.FAM_FORMULA_REFER_ID2=NVL(:FORMULA_REFER_ID2,T.FAM_FORMULA_REFER_ID2)
              ,T.FAM_REP_REFER_ID1=NVL(:REP_REFER_ID1,T.FAM_REP_REFER_ID1)
              ,T.FAM_REP_REFER_ID2=NVL(:REP_REFER_ID1,T.FAM_REP_REFER_ID2)
          WHERE T.FAM_CHEMICAL_ID=:CHEMICAL_ID
           
 -------------------------------------------------------------- 
[08-01-2025 11:35:58] ERROR : ORA-01036: illegal variable name/number
  QUERY : 
          UPDATE FPCQ_ANALYSIS_MASTER T
          SET T.FAM_FORMULA_REFER_ID=NVL(:FORMULA_REFER_ID1,T.FAM_FORMULA_REFER_ID)
              ,T.FAM_FORMULA_REFER_ID2=NVL(:FORMULA_REFER_ID2,T.FAM_FORMULA_REFER_ID2)
              ,T.FAM_REP_REFER_ID1=NVL(:REP_REFER_ID1,T.FAM_REP_REFER_ID1)
              ,T.FAM_REP_REFER_ID2=NVL(:REP_REFER_ID1,T.FAM_REP_REFER_ID2)
          WHERE T.FAM_CHEMICAL_ID=:CHEMICAL_ID
           
 -------------------------------------------------------------- 
