[15-01-2025 14:00:49] ERROR : ORA-00001: unique constraint (FPC.PK_FPCQ_ANALYSIS_MASTER) violated
  QUERY : 
            INSERT INTO FPCQ_ANALYSIS_MASTER (
                FAM_CHEMICAL_ID, FAM_BATH_ID, FAM_CHEMICAL_DESC, FAM_CHEMICAL_DESC2,
                FAM_MC_CODE, FAM_SEQ, FAM_STATUS,
                FAM_UNIT, FAM_TARGET, FAM_USL, FAM_LSL, FAM_UCL, FAM_LCL,
                FAM_INPUT,
                FAM_FORMULA, FAM_FORMULA_REFER_ID, FAM_FORMULA_REFER_ID2,
                FAM_REPLENISHER, FAM_REP_REFER_ID1, FAM_REP_REFER_ID2, FAM_UPDATE_DATE,FAM_UPDATE_BY
            ) VALUES (
                (SELECT A.F_ID AS CHEMICALID
                FROM (
                    SELECT DISTINCT 'C' || TRIM(TO_CHAR(FAM_CHEMICAL_ID, '0000')) AS F_ID
                    FROM (
                        SELECT LEVEL + 1 AS FAM_CHEMICAL_ID
                        FROM DUAL
                        CONNECT BY LEVEL <= 4000
                    ) NUMBERS
                    WHERE FAM_CHEMICAL_ID NOT IN (
                        SELECT SUBSTR(FAM_CHEMICAL_ID, 2, 4)
                        FROM FPCQ_ANALYSIS_MASTER
                    )
                    ORDER BY 1
                ) A
                WHERE ROWNUM = 1
                ), 
                :BATH, :CHEMICAL, :CHEMICAL,
                :Machine, :SEQ, 'A',
                :UNIT, :TARGET, :USL, :LSL, :UCL, :LCL,
                :INPUT,
                :FORMULA, :FORMULA_REFER1, :REPLENISHER_REFER2,
                :REPLENISHER, :REPLENISHER_REFER1, :REPLENISHER_REFER2, SYSDATE, :UPDATE_BY
            ) 
 -------------------------------------------------------------- 
[15-01-2025 14:00:49] ERROR : ORA-00001: unique constraint (FPC.PK_FPCQ_ANALYSIS_MASTER) violated
  QUERY : 
            INSERT INTO FPCQ_ANALYSIS_MASTER (
                FAM_CHEMICAL_ID, FAM_BATH_ID, FAM_CHEMICAL_DESC, FAM_CHEMICAL_DESC2,
                FAM_MC_CODE, FAM_SEQ, FAM_STATUS,
                FAM_UNIT, FAM_TARGET, FAM_USL, FAM_LSL, FAM_UCL, FAM_LCL,
                FAM_INPUT,
                FAM_FORMULA, FAM_FORMULA_REFER_ID, FAM_FORMULA_REFER_ID2,
                FAM_REPLENISHER, FAM_REP_REFER_ID1, FAM_REP_REFER_ID2, FAM_UPDATE_DATE,FAM_UPDATE_BY
            ) VALUES (
                (SELECT A.F_ID AS CHEMICALID
                FROM (
                    SELECT DISTINCT 'C' || TRIM(TO_CHAR(FAM_CHEMICAL_ID, '0000')) AS F_ID
                    FROM (
                        SELECT LEVEL + 1 AS FAM_CHEMICAL_ID
                        FROM DUAL
                        CONNECT BY LEVEL <= 4000
                    ) NUMBERS
                    WHERE FAM_CHEMICAL_ID NOT IN (
                        SELECT SUBSTR(FAM_CHEMICAL_ID, 2, 4)
                        FROM FPCQ_ANALYSIS_MASTER
                    )
                    ORDER BY 1
                ) A
                WHERE ROWNUM = 1
                ), 
                :BATH, :CHEMICAL, :CHEMICAL,
                :Machine, :SEQ, 'A',
                :UNIT, :TARGET, :USL, :LSL, :UCL, :LCL,
                :INPUT,
                :FORMULA, :FORMULA_REFER1, :REPLENISHER_REFER2,
                :REPLENISHER, :REPLENISHER_REFER1, :REPLENISHER_REFER2, SYSDATE, :UPDATE_BY
            ) 
 -------------------------------------------------------------- 
[15-01-2025 14:09:08] ERROR : ORA-00001: unique constraint (FPC.PK_FPCQ_ANALYSIS_MASTER) violated
  QUERY : 
            INSERT INTO FPCQ_ANALYSIS_MASTER (
                FAM_CHEMICAL_ID, FAM_BATH_ID, FAM_CHEMICAL_DESC, FAM_CHEMICAL_DESC2,
                FAM_MC_CODE, FAM_SEQ, FAM_STATUS,
                FAM_UNIT, FAM_TARGET, FAM_USL, FAM_LSL, FAM_UCL, FAM_LCL,
                FAM_INPUT,
                FAM_FORMULA, FAM_FORMULA_REFER_ID, FAM_FORMULA_REFER_ID2,
                FAM_REPLENISHER, FAM_REP_REFER_ID1, FAM_REP_REFER_ID2, FAM_UPDATE_DATE,FAM_UPDATE_BY
            ) VALUES (
                (SELECT A.F_ID AS CHEMICALID
                FROM (
                    SELECT DISTINCT 'C' || TRIM(TO_CHAR(FAM_CHEMICAL_ID, '0000')) AS F_ID
                    FROM (
                        SELECT LEVEL + 1 AS FAM_CHEMICAL_ID
                        FROM DUAL
                        CONNECT BY LEVEL <= 4000
                    ) NUMBERS
                    WHERE FAM_CHEMICAL_ID NOT IN (
                        SELECT SUBSTR(FAM_CHEMICAL_ID, 2, 4)
                        FROM FPCQ_ANALYSIS_MASTER
                    )
                    ORDER BY 1
                ) A
                WHERE ROWNUM = 1
                ), 
                :BATH, :CHEMICAL, :CHEMICAL,
                :Machine, :SEQ, 'A',
                :UNIT, :TARGET, :USL, :LSL, :UCL, :LCL,
                :INPUT,
                :FORMULA, :FORMULA_REFER1, :REPLENISHER_REFER2,
                :REPLENISHER, :REPLENISHER_REFER1, :REPLENISHER_REFER2, SYSDATE, :UPDATE_BY
            ) 
 -------------------------------------------------------------- 
[15-01-2025 14:16:17] ERROR : ORA-01427: single-row subquery returns more than one row
  QUERY : 
                      
     SELECT (SELECT A.FAM_CHEMICAL_ID
            FROM FPCQ_ANALYSIS_MASTER A
            WHERE A.FAM_BATH_ID=T.FAM_BATH_ID
                  AND A.FAM_MC_CODE=T.FAM_MC_CODE
                  AND UPPER(TRIM(A.FAM_CHEMICAL_DESC))=UPPER(TRIM(T.FAM_FORMULA_REFER_ID))) AS FORMULA_REFER_ID1
           ,(SELECT A.FAM_CHEMICAL_ID
            FROM FPCQ_ANALYSIS_MASTER A
            WHERE A.FAM_BATH_ID=T.FAM_BATH_ID
                  AND A.FAM_MC_CODE=T.FAM_MC_CODE
                  AND UPPER(TRIM(A.FAM_CHEMICAL_DESC))=UPPER(TRIM(T.FAM_FORMULA_REFER_ID2))) AS FORMULA_REFER_ID2
           ,(SELECT A.FAM_CHEMICAL_ID
            FROM FPCQ_ANALYSIS_MASTER A
            WHERE A.FAM_BATH_ID=T.FAM_BATH_ID
                  AND A.FAM_MC_CODE=T.FAM_MC_CODE
                  AND UPPER(TRIM(A.FAM_CHEMICAL_DESC))=UPPER(TRIM(T.FAM_REP_REFER_ID1))) AS REP_REFER_ID1
           ,(SELECT A.FAM_CHEMICAL_ID
            FROM FPCQ_ANALYSIS_MASTER A
            WHERE A.FAM_BATH_ID=T.FAM_BATH_ID
                  AND A.FAM_MC_CODE=T.FAM_MC_CODE
                  AND UPPER(TRIM(A.FAM_CHEMICAL_DESC))=UPPER(TRIM(T.FAM_REP_REFER_ID2))) AS REP_REFER_ID2
           ,T.FAM_CHEMICAL_ID,T.FAM_BATH_ID,T.FAM_MC_CODE,T.FAM_CHEMICAL_DESC
           ,T.FAM_FORMULA_REFER_ID,T.FAM_FORMULA_REFER_ID2
           ,T.FAM_REP_REFER_ID1,T.FAM_REP_REFER_ID2
    FROM FPCQ_ANALYSIS_MASTER T
    WHERE (T.FAM_FORMULA_REFER_ID IS NOT NULL
          OR T.FAM_FORMULA_REFER_ID2 IS NOT NULL
          OR T.FAM_REP_REFER_ID1 IS NOT NULL
          OR T.FAM_REP_REFER_ID2 IS NOT NULL)
          AND
              (
                (
                  (SELECT COUNT(T2.FAM_CHEMICAL_DESC)
                   FROM FPCQ_ANALYSIS_MASTER T2
                   WHERE T2.FAM_CHEMICAL_ID=T.FAM_FORMULA_REFER_ID) <=0
                         AND T.FAM_FORMULA_REFER_ID IS NOT NULL
                 )
                 OR
                (
                  (SELECT COUNT(T2.FAM_CHEMICAL_DESC)
                   FROM FPCQ_ANALYSIS_MASTER T2
                   WHERE T2.FAM_CHEMICAL_ID=T.FAM_FORMULA_REFER_ID2) <=0
                         AND T.FAM_FORMULA_REFER_ID2 IS NOT NULL
                 )
                 OR
                (
                  (SELECT COUNT(T2.FAM_CHEMICAL_DESC)
                   FROM FPCQ_ANALYSIS_MASTER T2
                   WHERE T2.FAM_CHEMICAL_ID=T.FAM_REP_REFER_ID1) <=0
                         AND T.FAM_REP_REFER_ID1 IS NOT NULL
                 )
                 OR
                (
                  (SELECT COUNT(T2.FAM_CHEMICAL_DESC)
                   FROM FPCQ_ANALYSIS_MASTER T2
                   WHERE T2.FAM_CHEMICAL_ID=T.FAM_REP_REFER_ID2) <=0
                         AND T.FAM_REP_REFER_ID2 IS NOT NULL
                 )
              ) 
 -------------------------------------------------------------- 
[15-01-2025 14:49:39] ERROR : Cannot read properties of undefined (reading '0')
  QUERY :  
 -------------------------------------------------------------- 
[15-01-2025 14:49:40] ERROR : Cannot read properties of undefined (reading '0')
  QUERY :  
 -------------------------------------------------------------- 
[15-01-2025 14:49:41] ERROR : Cannot read properties of undefined (reading '0')
  QUERY :  
 -------------------------------------------------------------- 
[15-01-2025 14:49:42] ERROR : Cannot read properties of undefined (reading '0')
  QUERY :  
 -------------------------------------------------------------- 
[15-01-2025 14:49:43] ERROR : Cannot read properties of undefined (reading '0')
  QUERY :  
 -------------------------------------------------------------- 
[15-01-2025 14:49:43] ERROR : Cannot read properties of undefined (reading '0')
  QUERY :  
 -------------------------------------------------------------- 
[15-01-2025 14:51:01] ERROR : Cannot read properties of undefined (reading '0')
  QUERY :  
 -------------------------------------------------------------- 
[15-01-2025 14:51:02] ERROR : Cannot read properties of undefined (reading '0')
  QUERY :  
 -------------------------------------------------------------- 
[15-01-2025 14:51:04] ERROR : Cannot read properties of undefined (reading '0')
  QUERY :  
 -------------------------------------------------------------- 
[15-01-2025 14:51:05] ERROR : Cannot read properties of undefined (reading '0')
  QUERY :  
 -------------------------------------------------------------- 
[15-01-2025 14:51:05] ERROR : Cannot read properties of undefined (reading '0')
  QUERY :  
 -------------------------------------------------------------- 
[15-01-2025 14:51:06] ERROR : Cannot read properties of undefined (reading '0')
  QUERY :  
 -------------------------------------------------------------- 
